<?xml version="1.0" encoding="UTF-8"?>
<persistence version="2.1" xmlns="http://xmlns.jcp.org/xml/ns/persistence" xmlns:xsi="http://www.w3.org/2001/XMLSchema-instance" xsi:schemaLocation="http://xmlns.jcp.org/xml/ns/persistence http://xmlns.jcp.org/xml/ns/persistence/persistence_2_1.xsd">
    <persistence-unit name="outsideContainer" transaction-type="RESOURCE_LOCAL">
        <provider>org.eclipse.persistence.jpa.PersistenceProvider</provider>
        <exclude-unlisted-classes>false</exclude-unlisted-classes>
        <properties>
            <property name="eclipselink.ddl-generation" value="create-or-extend-tables"/>
            <property name="eclipselink.logging.level" value="INFO"/>
            <property name="javax.persistence.schema-generation.database.action" value="create"/>
            <property name="javax.persistence.jdbc.driver" value="com.mysql.jdbc.Driver"/>
            <property name="javax.persistence.jdbc.url"
                      value="jdbc:mysql://127.0.0.1:3306/beauty_shop?zeroDateTimeBehavior=convertToNull"/>
            <property name="javax.persistence.jdbc.user" value="root"/>
            <property name="javax.persistence.jdbc.password" value="ASKallice69"/>
        </properties>
    </persistence-unit>
</persistence>